<?xml version="1.0" encoding="UTF-8"?>
<testng-results ignored="0" total="1" passed="1" failed="0" skipped="0">
  <reporter-output>
  </reporter-output>
  <suite started-at="2023-05-29T12:45:02 IST" name="Suite" finished-at="2023-05-29T12:45:30 IST" duration-ms="28354">
    <groups>
    </groups>
    <test started-at="2023-05-29T12:45:02 IST" name="Test" finished-at="2023-05-29T12:45:30 IST" duration-ms="28354">
      <class name="com.qa.testlayer.Testclass">
        <test-method is-config="true" signature="loggerStart()[pri:0, instance:com.qa.testlayer.Testclass@399f45b1]" started-at="2023-05-29T12:45:02 IST" name="loggerStart" finished-at="2023-05-29T12:45:02 IST" duration-ms="104" status="PASS">
          <reporter-output>
          </reporter-output>
        </test-method> <!-- loggerStart -->
        <test-method is-config="true" signature="setUp()[pri:0, instance:com.qa.testlayer.Testclass@399f45b1]" started-at="2023-05-29T12:45:02 IST" name="setUp" finished-at="2023-05-29T12:45:09 IST" duration-ms="7469" status="PASS">
          <reporter-output>
          </reporter-output>
        </test-method> <!-- setUp -->
        <test-method signature="check_fbFunctionality()[pri:0, instance:com.qa.testlayer.Testclass@399f45b1]" started-at="2023-05-29T12:45:09 IST" name="check_fbFunctionality" finished-at="2023-05-29T12:45:30 IST" duration-ms="20239" status="PASS">
          <reporter-output>
          </reporter-output>
        </test-method> <!-- check_fbFunctionality -->
        <test-method is-config="true" signature="tearDown()[pri:0, instance:com.qa.testlayer.Testclass@399f45b1]" started-at="2023-05-29T12:45:30 IST" name="tearDown" finished-at="2023-05-29T12:45:30 IST" duration-ms="505" status="PASS">
          <reporter-output>
          </reporter-output>
        </test-method> <!-- tearDown -->
        <test-method is-config="true" signature="loggerEnd()[pri:0, instance:com.qa.testlayer.Testclass@399f45b1]" started-at="2023-05-29T12:45:30 IST" name="loggerEnd" finished-at="2023-05-29T12:45:30 IST" duration-ms="0" status="PASS">
          <reporter-output>
          </reporter-output>
        </test-method> <!-- loggerEnd -->
      </class> <!-- com.qa.testlayer.Testclass -->
    </test> <!-- Test -->
  </suite> <!-- Suite -->
</testng-results>
